<?xml version="1.0" encoding="UTF-8"?>
<testsuite name="SubListConsecutiveNumbersFinderTest" tests="5" skipped="0" failures="0" errors="0" timestamp="2019-10-21T16:57:22" hostname="S2IT-faquino-7472" time="0.017">
  <properties/>
  <testcase name="shouldReturnOne" classname="SubListConsecutiveNumbersFinderTest" time="0.008"/>
  <testcase name="shouldReturnSix" classname="SubListConsecutiveNumbersFinderTest" time="0.001"/>
  <testcase name="shouldReturnTen" classname="SubListConsecutiveNumbersFinderTest" time="0.004"/>
  <testcase name="shouldReturnTwo" classname="SubListConsecutiveNumbersFinderTest" time="0.001"/>
  <testcase name="shouldReturnFour" classname="SubListConsecutiveNumbersFinderTest" time="0.001"/>
  <system-out><![CDATA[]]></system-out>
  <system-err><![CDATA[]]></system-err>
</testsuite>
